[1.000s] Invoking command in '/home/saumy/dex_hands_project/dexhandv2_description': DEBUGINFOD_URLS=https://debuginfod.ubuntu.com PYTHONPATH=/home/saumy/dex_hands_project/build/dexhandv2_description/prefix_override:/usr/lib/python3/dist-packages/colcon_core/task/python/colcon_distutils_commands:/home/saumy/dex_hands_project/install/dexhandv2_description/lib/python3.12/site-packages:${PYTHONPATH} VIRTUAL_ENV_PROMPT=(venv) /usr/bin/python3 -W ignore:setup.py install is deprecated -W ignore:easy_install command is deprecated setup.py egg_info --egg-base ../build/dexhandv2_description build --build-base /home/saumy/dex_hands_project/build/dexhandv2_description/build install --record /home/saumy/dex_hands_project/build/dexhandv2_description/install.log --single-version-externally-managed install_data
[1.326s] running egg_info
[1.350s] writing ../build/dexhandv2_description/dexhandv2_description.egg-info/PKG-INFO
[1.350s] writing dependency_links to ../build/dexhandv2_description/dexhandv2_description.egg-info/dependency_links.txt
[1.350s] writing entry points to ../build/dexhandv2_description/dexhandv2_description.egg-info/entry_points.txt
[1.350s] writing requirements to ../build/dexhandv2_description/dexhandv2_description.egg-info/requires.txt
[1.350s] writing top-level names to ../build/dexhandv2_description/dexhandv2_description.egg-info/top_level.txt
[1.393s] reading manifest file '../build/dexhandv2_description/dexhandv2_description.egg-info/SOURCES.txt'
[1.394s] adding license file 'LICENSE'
[1.395s] writing manifest file '../build/dexhandv2_description/dexhandv2_description.egg-info/SOURCES.txt'
[1.395s] running build
[1.395s] running build_py
[1.396s] running install
[1.403s] running install_lib
[1.427s] running install_data
[1.429s] running install_egg_info
[1.454s] removing '/home/saumy/dex_hands_project/install/dexhandv2_description/lib/python3.12/site-packages/dexhandv2_description-0.0.2-py3.12.egg-info' (and everything under it)
[1.454s] Copying ../build/dexhandv2_description/dexhandv2_description.egg-info to /home/saumy/dex_hands_project/install/dexhandv2_description/lib/python3.12/site-packages/dexhandv2_description-0.0.2-py3.12.egg-info
[1.455s] running install_scripts
[1.608s] Installing telemetry_node script to /home/saumy/dex_hands_project/install/dexhandv2_description/lib/dexhand_description
[1.608s] writing list of installed files to '/home/saumy/dex_hands_project/build/dexhandv2_description/install.log'
[1.659s] Invoked command in '/home/saumy/dex_hands_project/dexhandv2_description' returned '0': DEBUGINFOD_URLS=https://debuginfod.ubuntu.com PYTHONPATH=/home/saumy/dex_hands_project/build/dexhandv2_description/prefix_override:/usr/lib/python3/dist-packages/colcon_core/task/python/colcon_distutils_commands:/home/saumy/dex_hands_project/install/dexhandv2_description/lib/python3.12/site-packages:${PYTHONPATH} VIRTUAL_ENV_PROMPT=(venv) /usr/bin/python3 -W ignore:setup.py install is deprecated -W ignore:easy_install command is deprecated setup.py egg_info --egg-base ../build/dexhandv2_description build --build-base /home/saumy/dex_hands_project/build/dexhandv2_description/build install --record /home/saumy/dex_hands_project/build/dexhandv2_description/install.log --single-version-externally-managed install_data
