[1.513s] Invoking command in '/home/saumy/dex_hands_project/dexhandv2_description': DEBUGINFOD_URLS=https://debuginfod.ubuntu.com PYTHONPATH=/home/saumy/dex_hands_project/build/dexhandv2_description/prefix_override:/usr/lib/python3/dist-packages/colcon_core/task/python/colcon_distutils_commands:/home/saumy/dex_hands_project/install/dexhandv2_description/lib/python3.12/site-packages:${PYTHONPATH} VIRTUAL_ENV_PROMPT=(venv) /usr/bin/python3 -W ignore:setup.py install is deprecated -W ignore:easy_install command is deprecated setup.py egg_info --egg-base ../build/dexhandv2_description build --build-base /home/saumy/dex_hands_project/build/dexhandv2_description/build install --record /home/saumy/dex_hands_project/build/dexhandv2_description/install.log --single-version-externally-managed install_data
[1.932s] running egg_info
[1.961s] writing ../build/dexhandv2_description/dexhandv2_description.egg-info/PKG-INFO
[1.962s] writing dependency_links to ../build/dexhandv2_description/dexhandv2_description.egg-info/dependency_links.txt
[1.962s] writing entry points to ../build/dexhandv2_description/dexhandv2_description.egg-info/entry_points.txt
[1.962s] writing requirements to ../build/dexhandv2_description/dexhandv2_description.egg-info/requires.txt
[1.962s] writing top-level names to ../build/dexhandv2_description/dexhandv2_description.egg-info/top_level.txt
[2.008s] reading manifest file '../build/dexhandv2_description/dexhandv2_description.egg-info/SOURCES.txt'
[2.009s] adding license file 'LICENSE'
[2.010s] writing manifest file '../build/dexhandv2_description/dexhandv2_description.egg-info/SOURCES.txt'
[2.010s] running build
[2.010s] running build_py
[2.011s] copying dexhandv2_description/telemetry_node.py -> /home/saumy/dex_hands_project/build/dexhandv2_description/build/lib/dexhandv2_description
[2.011s] running install
[2.019s] running install_lib
[2.051s] copying /home/saumy/dex_hands_project/build/dexhandv2_description/build/lib/dexhandv2_description/telemetry_node.py -> /home/saumy/dex_hands_project/install/dexhandv2_description/lib/python3.12/site-packages/dexhandv2_description
[2.052s] byte-compiling /home/saumy/dex_hands_project/install/dexhandv2_description/lib/python3.12/site-packages/dexhandv2_description/telemetry_node.py to telemetry_node.cpython-312.pyc
[2.055s] running install_data
[2.055s] copying package.xml -> /home/saumy/dex_hands_project/install/dexhandv2_description/share/dexhandv2_description
[2.057s] running install_egg_info
[2.084s] removing '/home/saumy/dex_hands_project/install/dexhandv2_description/lib/python3.12/site-packages/dexhandv2_description-0.0.2-py3.12.egg-info' (and everything under it)
[2.084s] Copying ../build/dexhandv2_description/dexhandv2_description.egg-info to /home/saumy/dex_hands_project/install/dexhandv2_description/lib/python3.12/site-packages/dexhandv2_description-0.0.2-py3.12.egg-info
[2.085s] running install_scripts
[2.247s] Installing telemetry_node script to /home/saumy/dex_hands_project/install/dexhandv2_description/lib/dexhand_description
[2.247s] writing list of installed files to '/home/saumy/dex_hands_project/build/dexhandv2_description/install.log'
[2.289s] Invoked command in '/home/saumy/dex_hands_project/dexhandv2_description' returned '0': DEBUGINFOD_URLS=https://debuginfod.ubuntu.com PYTHONPATH=/home/saumy/dex_hands_project/build/dexhandv2_description/prefix_override:/usr/lib/python3/dist-packages/colcon_core/task/python/colcon_distutils_commands:/home/saumy/dex_hands_project/install/dexhandv2_description/lib/python3.12/site-packages:${PYTHONPATH} VIRTUAL_ENV_PROMPT=(venv) /usr/bin/python3 -W ignore:setup.py install is deprecated -W ignore:easy_install command is deprecated setup.py egg_info --egg-base ../build/dexhandv2_description build --build-base /home/saumy/dex_hands_project/build/dexhandv2_description/build install --record /home/saumy/dex_hands_project/build/dexhandv2_description/install.log --single-version-externally-managed install_data
