/home/saumy/dex_hands_project/install/dexhandv2_description/lib/python3.12/site-packages/dexhandv2_description/telemetry_node.py
/home/saumy/dex_hands_project/install/dexhandv2_description/lib/python3.12/site-packages/dexhandv2_description/__init__.py
/home/saumy/dex_hands_project/install/dexhandv2_description/lib/python3.12/site-packages/dexhandv2_description/__pycache__/telemetry_node.cpython-312.pyc
/home/saumy/dex_hands_project/install/dexhandv2_description/lib/python3.12/site-packages/dexhandv2_description/__pycache__/__init__.cpython-312.pyc
/home/saumy/dex_hands_project/install/dexhandv2_description/share/ament_index/resource_index/packages/dexhandv2_description
/home/saumy/dex_hands_project/install/dexhandv2_description/share/dexhandv2_description/package.xml
/home/saumy/dex_hands_project/install/dexhandv2_description/share/dexhandv2_description/launch/display.launch.py
/home/saumy/dex_hands_project/install/dexhandv2_description/share/dexhandv2_description/urdf/dexhandv2_cobot_right.xacro
/home/saumy/dex_hands_project/install/dexhandv2_description/share/dexhandv2_description/urdf/dexhandv2_right.trans
/home/saumy/dex_hands_project/install/dexhandv2_description/share/dexhandv2_description/urdf/dexhandv2_right.xacro
/home/saumy/dex_hands_project/install/dexhandv2_description/share/dexhandv2_description/urdf/dexhandv2_right.gazebo
/home/saumy/dex_hands_project/install/dexhandv2_description/share/dexhandv2_description/urdf/materials.xacro
/home/saumy/dex_hands_project/install/dexhandv2_description/share/dexhandv2_description/urdf/dexhandv2_right.urdf
/home/saumy/dex_hands_project/install/dexhandv2_description/share/dexhandv2_description/urdf/dexhandv2_cobot_right.trans
/home/saumy/dex_hands_project/install/dexhandv2_description/share/dexhandv2_description/urdf/dexhandv2_cobot_right.urdf
/home/saumy/dex_hands_project/install/dexhandv2_description/share/dexhandv2_description/urdf/dexhandv2_cobot_right.gazebo
/home/saumy/dex_hands_project/install/dexhandv2_description/share/dexhandv2_description/rviz/urdf.rviz
/home/saumy/dex_hands_project/install/dexhandv2_description/share/dexhandv2_description/meshes/right/Pinky_Knuckle_1.stl
/home/saumy/dex_hands_project/install/dexhandv2_description/share/dexhandv2_description/meshes/right/Thumb_Dist_KC_1.stl
/home/saumy/dex_hands_project/install/dexhandv2_description/share/dexhandv2_description/meshes/right/Pinky_Knuckle_Cross_1.stl
/home/saumy/dex_hands_project/install/dexhandv2_description/share/dexhandv2_description/meshes/right/Ring_Tip_1.stl
/home/saumy/dex_hands_project/install/dexhandv2_description/share/dexhandv2_description/meshes/right/Thumb_Prox_KC_1.stl
/home/saumy/dex_hands_project/install/dexhandv2_description/share/dexhandv2_description/meshes/right/Thumb_Middle_1.stl
/home/saumy/dex_hands_project/install/dexhandv2_description/share/dexhandv2_description/meshes/right/Ring_Knuckle_Cross_1.stl
/home/saumy/dex_hands_project/install/dexhandv2_description/share/dexhandv2_description/meshes/right/Midle_Tip_1.stl
/home/saumy/dex_hands_project/install/dexhandv2_description/share/dexhandv2_description/meshes/right/Thumb_Tip_1.stl
/home/saumy/dex_hands_project/install/dexhandv2_description/share/dexhandv2_description/meshes/right/Pinky_Middle_1.stl
/home/saumy/dex_hands_project/install/dexhandv2_description/share/dexhandv2_description/meshes/right/Index_Middle_1.stl
/home/saumy/dex_hands_project/install/dexhandv2_description/share/dexhandv2_description/meshes/right/Index_Knuckle_1.stl
/home/saumy/dex_hands_project/install/dexhandv2_description/share/dexhandv2_description/meshes/right/Ring_Knuckle_1.stl
/home/saumy/dex_hands_project/install/dexhandv2_description/share/dexhandv2_description/meshes/right/Pinky_Tip_1.stl
/home/saumy/dex_hands_project/install/dexhandv2_description/share/dexhandv2_description/meshes/right/Thumb_Knuckle_1.stl
/home/saumy/dex_hands_project/install/dexhandv2_description/share/dexhandv2_description/meshes/right/Middle_Knuckle_Cross_1.stl
/home/saumy/dex_hands_project/install/dexhandv2_description/share/dexhandv2_description/meshes/right/Index_Tip_1.stl
/home/saumy/dex_hands_project/install/dexhandv2_description/share/dexhandv2_description/meshes/right/Middle_Middle_1.stl
/home/saumy/dex_hands_project/install/dexhandv2_description/share/dexhandv2_description/meshes/right/base_link.stl
/home/saumy/dex_hands_project/install/dexhandv2_description/share/dexhandv2_description/meshes/right/Middle_Knuckle_1.stl
/home/saumy/dex_hands_project/install/dexhandv2_description/share/dexhandv2_description/meshes/right/Ring_Middle_1.stl
/home/saumy/dex_hands_project/install/dexhandv2_description/share/dexhandv2_description/meshes/right/Index_Knuckle_Cross_1.stl
/home/saumy/dex_hands_project/install/dexhandv2_description/share/dexhandv2_description/meshes/cobot_right/Pinky_Knuckle_1.stl
/home/saumy/dex_hands_project/install/dexhandv2_description/share/dexhandv2_description/meshes/cobot_right/Thumb_Dist_KC_1.stl
/home/saumy/dex_hands_project/install/dexhandv2_description/share/dexhandv2_description/meshes/cobot_right/Pinky_Knuckle_Cross_1.stl
/home/saumy/dex_hands_project/install/dexhandv2_description/share/dexhandv2_description/meshes/cobot_right/Ring_Tip_1.stl
/home/saumy/dex_hands_project/install/dexhandv2_description/share/dexhandv2_description/meshes/cobot_right/Thumb_Prox_KC_1.stl
/home/saumy/dex_hands_project/install/dexhandv2_description/share/dexhandv2_description/meshes/cobot_right/Thumb_Middle_1.stl
/home/saumy/dex_hands_project/install/dexhandv2_description/share/dexhandv2_description/meshes/cobot_right/Ring_Knuckle_Cross_1.stl
/home/saumy/dex_hands_project/install/dexhandv2_description/share/dexhandv2_description/meshes/cobot_right/Midle_Tip_1.stl
/home/saumy/dex_hands_project/install/dexhandv2_description/share/dexhandv2_description/meshes/cobot_right/Thumb_Tip_1.stl
/home/saumy/dex_hands_project/install/dexhandv2_description/share/dexhandv2_description/meshes/cobot_right/Upper-Flange-Clamp.stl
/home/saumy/dex_hands_project/install/dexhandv2_description/share/dexhandv2_description/meshes/cobot_right/Pinky_Middle_1.stl
/home/saumy/dex_hands_project/install/dexhandv2_description/share/dexhandv2_description/meshes/cobot_right/Solid_Wrist_1.stl
/home/saumy/dex_hands_project/install/dexhandv2_description/share/dexhandv2_description/meshes/cobot_right/Index_Middle_1.stl
/home/saumy/dex_hands_project/install/dexhandv2_description/share/dexhandv2_description/meshes/cobot_right/Forearm_Duplex_Wrist_27-UpperChassis.stl
/home/saumy/dex_hands_project/install/dexhandv2_description/share/dexhandv2_description/meshes/cobot_right/Index_Knuckle_1.stl
/home/saumy/dex_hands_project/install/dexhandv2_description/share/dexhandv2_description/meshes/cobot_right/Ring_Knuckle_1.stl
/home/saumy/dex_hands_project/install/dexhandv2_description/share/dexhandv2_description/meshes/cobot_right/Palm_1.stl
/home/saumy/dex_hands_project/install/dexhandv2_description/share/dexhandv2_description/meshes/cobot_right/Pinky_Tip_1.stl
/home/saumy/dex_hands_project/install/dexhandv2_description/share/dexhandv2_description/meshes/cobot_right/Thumb_Knuckle_1.stl
/home/saumy/dex_hands_project/install/dexhandv2_description/share/dexhandv2_description/meshes/cobot_right/Middle_Knuckle_Cross_1.stl
/home/saumy/dex_hands_project/install/dexhandv2_description/share/dexhandv2_description/meshes/cobot_right/Cobot_Forearm_1.stl
/home/saumy/dex_hands_project/install/dexhandv2_description/share/dexhandv2_description/meshes/cobot_right/Index_Tip_1.stl
/home/saumy/dex_hands_project/install/dexhandv2_description/share/dexhandv2_description/meshes/cobot_right/Middle_Middle_1.stl
/home/saumy/dex_hands_project/install/dexhandv2_description/share/dexhandv2_description/meshes/cobot_right/base_link.stl
/home/saumy/dex_hands_project/install/dexhandv2_description/share/dexhandv2_description/meshes/cobot_right/Middle_Knuckle_1.stl
/home/saumy/dex_hands_project/install/dexhandv2_description/share/dexhandv2_description/meshes/cobot_right/Ring_Middle_1.stl
/home/saumy/dex_hands_project/install/dexhandv2_description/share/dexhandv2_description/meshes/cobot_right/Index_Knuckle_Cross_1.stl
/home/saumy/dex_hands_project/install/dexhandv2_description/lib/python3.12/site-packages/dexhandv2_description-0.0.2-py3.12.egg-info/top_level.txt
/home/saumy/dex_hands_project/install/dexhandv2_description/lib/python3.12/site-packages/dexhandv2_description-0.0.2-py3.12.egg-info/dependency_links.txt
/home/saumy/dex_hands_project/install/dexhandv2_description/lib/python3.12/site-packages/dexhandv2_description-0.0.2-py3.12.egg-info/entry_points.txt
/home/saumy/dex_hands_project/install/dexhandv2_description/lib/python3.12/site-packages/dexhandv2_description-0.0.2-py3.12.egg-info/requires.txt
/home/saumy/dex_hands_project/install/dexhandv2_description/lib/python3.12/site-packages/dexhandv2_description-0.0.2-py3.12.egg-info/PKG-INFO
/home/saumy/dex_hands_project/install/dexhandv2_description/lib/python3.12/site-packages/dexhandv2_description-0.0.2-py3.12.egg-info/zip-safe
/home/saumy/dex_hands_project/install/dexhandv2_description/lib/python3.12/site-packages/dexhandv2_description-0.0.2-py3.12.egg-info/SOURCES.txt
/home/saumy/dex_hands_project/install/dexhandv2_description/lib/dexhand_description/telemetry_node
