[0.613s] DEBUG:colcon:Command line arguments: ['/usr/bin/colcon', 'build', '--symlink-install']
[0.614s] DEBUG:colcon:Parsed command line arguments: Namespace(log_base=None, log_level=None, verb_name='build', build_base='build', install_base='install', merge_install=False, symlink_install=True, test_result_base=None, continue_on_error=False, executor='parallel', parallel_workers=32, event_handlers=None, ignore_user_meta=False, metas=['./colcon.meta'], base_paths=['.'], packages_ignore=None, packages_ignore_regex=None, paths=None, packages_up_to=None, packages_up_to_regex=None, packages_above=None, packages_above_and_dependencies=None, packages_above_depth=None, packages_select_by_dep=None, packages_skip_by_dep=None, packages_skip_up_to=None, packages_select_build_failed=False, packages_skip_build_finished=False, packages_select_test_failures=False, packages_skip_test_passed=False, packages_select=None, packages_skip=None, packages_select_regex=None, packages_skip_regex=None, packages_start=None, packages_end=None, allow_overriding=[], cmake_args=None, cmake_target=None, cmake_target_skip_unavailable=False, cmake_clean_cache=False, cmake_clean_first=False, cmake_force_configure=False, ament_cmake_args=None, catkin_cmake_args=None, catkin_skip_building_tests=False, mixin_files=None, mixin=None, verb_parser=<colcon_mixin.mixin.mixin_argument.MixinArgumentDecorator object at 0x75369da9cd70>, verb_extension=<colcon_core.verb.build.BuildVerb object at 0x75369dbc8ad0>, main=<bound method BuildVerb.main of <colcon_core.verb.build.BuildVerb object at 0x75369dbc8ad0>>, mixin_verb=('build',))
[0.781s] Level 1:colcon.colcon_core.package_discovery:discover_packages(colcon_meta) check parameters
[0.782s] Level 1:colcon.colcon_core.package_discovery:discover_packages(recursive) check parameters
[0.782s] Level 1:colcon.colcon_core.package_discovery:discover_packages(ignore) check parameters
[0.782s] Level 1:colcon.colcon_core.package_discovery:discover_packages(path) check parameters
[0.782s] Level 1:colcon.colcon_core.package_discovery:discover_packages(colcon_meta) discover
[0.782s] Level 1:colcon.colcon_core.package_discovery:discover_packages(recursive) discover
[0.782s] INFO:colcon.colcon_core.package_discovery:Crawling recursively for packages in '/home/saumy/dex_hands_project'
[0.782s] Level 1:colcon.colcon_core.package_identification:_identify(.) by extensions ['ignore', 'ignore_ament_install']
[0.783s] Level 1:colcon.colcon_core.package_identification:_identify(.) by extension 'ignore'
[0.783s] Level 1:colcon.colcon_core.package_identification:_identify(.) by extension 'ignore_ament_install'
[0.783s] Level 1:colcon.colcon_core.package_identification:_identify(.) by extensions ['colcon_pkg']
[0.783s] Level 1:colcon.colcon_core.package_identification:_identify(.) by extension 'colcon_pkg'
[0.783s] Level 1:colcon.colcon_core.package_identification:_identify(.) by extensions ['colcon_meta']
[0.783s] Level 1:colcon.colcon_core.package_identification:_identify(.) by extension 'colcon_meta'
[0.783s] Level 1:colcon.colcon_core.package_identification:_identify(.) by extensions ['ros']
[0.783s] Level 1:colcon.colcon_core.package_identification:_identify(.) by extension 'ros'
[0.867s] Level 1:colcon.colcon_core.package_identification:_identify(.) by extensions ['cmake', 'python']
[0.867s] Level 1:colcon.colcon_core.package_identification:_identify(.) by extension 'cmake'
[0.867s] Level 1:colcon.colcon_core.package_identification:_identify(.) by extension 'python'
[0.867s] Level 1:colcon.colcon_core.package_identification:_identify(.) by extensions ['python_setup_py']
[0.867s] Level 1:colcon.colcon_core.package_identification:_identify(.) by extension 'python_setup_py'
[0.868s] Level 1:colcon.colcon_core.package_identification:_identify(build) by extensions ['ignore', 'ignore_ament_install']
[0.868s] Level 1:colcon.colcon_core.package_identification:_identify(build) by extension 'ignore'
[0.868s] Level 1:colcon.colcon_core.package_identification:_identify(build) ignored
[0.868s] Level 1:colcon.colcon_core.package_identification:_identify(dexhandv2_description) by extensions ['ignore', 'ignore_ament_install']
[0.869s] Level 1:colcon.colcon_core.package_identification:_identify(dexhandv2_description) by extension 'ignore'
[0.869s] Level 1:colcon.colcon_core.package_identification:_identify(dexhandv2_description) by extension 'ignore_ament_install'
[0.869s] Level 1:colcon.colcon_core.package_identification:_identify(dexhandv2_description) by extensions ['colcon_pkg']
[0.869s] Level 1:colcon.colcon_core.package_identification:_identify(dexhandv2_description) by extension 'colcon_pkg'
[0.869s] Level 1:colcon.colcon_core.package_identification:_identify(dexhandv2_description) by extensions ['colcon_meta']
[0.869s] Level 1:colcon.colcon_core.package_identification:_identify(dexhandv2_description) by extension 'colcon_meta'
[0.869s] Level 1:colcon.colcon_core.package_identification:_identify(dexhandv2_description) by extensions ['ros']
[0.869s] Level 1:colcon.colcon_core.package_identification:_identify(dexhandv2_description) by extension 'ros'
[0.878s] DEBUG:colcon.colcon_core.package_identification:Package 'dexhandv2_description' with type 'ros.ament_python' and name 'dexhandv2_description'
[0.879s] Level 1:colcon.colcon_core.package_identification:_identify(install) by extensions ['ignore', 'ignore_ament_install']
[0.879s] Level 1:colcon.colcon_core.package_identification:_identify(install) by extension 'ignore'
[0.879s] Level 1:colcon.colcon_core.package_identification:_identify(install) ignored
[0.879s] Level 1:colcon.colcon_core.package_identification:_identify(log) by extensions ['ignore', 'ignore_ament_install']
[0.880s] Level 1:colcon.colcon_core.package_identification:_identify(log) by extension 'ignore'
[0.880s] Level 1:colcon.colcon_core.package_identification:_identify(log) ignored
[0.880s] Level 1:colcon.colcon_core.package_discovery:discover_packages(recursive) using defaults
[0.880s] Level 1:colcon.colcon_core.package_discovery:discover_packages(ignore) discover
[0.880s] Level 1:colcon.colcon_core.package_discovery:discover_packages(ignore) using defaults
[0.880s] Level 1:colcon.colcon_core.package_discovery:discover_packages(path) discover
[0.880s] Level 1:colcon.colcon_core.package_discovery:discover_packages(path) using defaults
[0.944s] Level 1:colcon.colcon_core.package_discovery:discover_packages(prefix_path) check parameters
[0.944s] Level 1:colcon.colcon_core.package_discovery:discover_packages(prefix_path) discover
[0.954s] DEBUG:colcon.colcon_installed_package_information.package_discovery:Found 289 installed packages in /opt/ros/jazzy
[0.956s] Level 1:colcon.colcon_core.package_discovery:discover_packages(prefix_path) using defaults
[1.056s] Level 5:colcon.colcon_core.verb:set package 'dexhandv2_description' build argument 'cmake_args' from command line to 'None'
[1.057s] Level 5:colcon.colcon_core.verb:set package 'dexhandv2_description' build argument 'cmake_target' from command line to 'None'
[1.057s] Level 5:colcon.colcon_core.verb:set package 'dexhandv2_description' build argument 'cmake_target_skip_unavailable' from command line to 'False'
[1.057s] Level 5:colcon.colcon_core.verb:set package 'dexhandv2_description' build argument 'cmake_clean_cache' from command line to 'False'
[1.057s] Level 5:colcon.colcon_core.verb:set package 'dexhandv2_description' build argument 'cmake_clean_first' from command line to 'False'
[1.057s] Level 5:colcon.colcon_core.verb:set package 'dexhandv2_description' build argument 'cmake_force_configure' from command line to 'False'
[1.057s] Level 5:colcon.colcon_core.verb:set package 'dexhandv2_description' build argument 'ament_cmake_args' from command line to 'None'
[1.057s] Level 5:colcon.colcon_core.verb:set package 'dexhandv2_description' build argument 'catkin_cmake_args' from command line to 'None'
[1.057s] Level 5:colcon.colcon_core.verb:set package 'dexhandv2_description' build argument 'catkin_skip_building_tests' from command line to 'False'
[1.057s] DEBUG:colcon.colcon_core.verb:Building package 'dexhandv2_description' with the following arguments: {'ament_cmake_args': None, 'build_base': '/home/saumy/dex_hands_project/build/dexhandv2_description', 'catkin_cmake_args': None, 'catkin_skip_building_tests': False, 'cmake_args': None, 'cmake_clean_cache': False, 'cmake_clean_first': False, 'cmake_force_configure': False, 'cmake_target': None, 'cmake_target_skip_unavailable': False, 'install_base': '/home/saumy/dex_hands_project/install/dexhandv2_description', 'merge_install': False, 'path': '/home/saumy/dex_hands_project/dexhandv2_description', 'symlink_install': True, 'test_result_base': None}
[1.058s] INFO:colcon.colcon_core.executor:Executing jobs using 'parallel' executor
[1.060s] DEBUG:colcon.colcon_parallel_executor.executor.parallel:run_until_complete
[1.060s] INFO:colcon.colcon_ros.task.ament_python.build:Building ROS package in '/home/saumy/dex_hands_project/dexhandv2_description' with build type 'ament_python'
[1.060s] Level 1:colcon.colcon_core.shell:create_environment_hook('dexhandv2_description', 'ament_prefix_path')
[1.068s] INFO:colcon.colcon_core.plugin_system:Skipping extension 'colcon_core.shell.bat': Not used on non-Windows systems
[1.068s] INFO:colcon.colcon_core.shell:Creating environment hook '/home/saumy/dex_hands_project/install/dexhandv2_description/share/dexhandv2_description/hook/ament_prefix_path.ps1'
[1.071s] INFO:colcon.colcon_core.shell:Creating environment descriptor '/home/saumy/dex_hands_project/install/dexhandv2_description/share/dexhandv2_description/hook/ament_prefix_path.dsv'
[1.072s] INFO:colcon.colcon_core.shell:Creating environment hook '/home/saumy/dex_hands_project/install/dexhandv2_description/share/dexhandv2_description/hook/ament_prefix_path.sh'
[1.074s] INFO:colcon.colcon_core.shell:Skip shell extension 'powershell' for command environment: Not usable outside of PowerShell
[1.074s] DEBUG:colcon.colcon_core.shell:Skip shell extension 'dsv' for command environment
[1.681s] INFO:colcon.colcon_core.task.python.build:Building Python package in '/home/saumy/dex_hands_project/dexhandv2_description'
[1.682s] INFO:colcon.colcon_core.shell:Skip shell extension 'powershell' for command environment: Not usable outside of PowerShell
[1.682s] DEBUG:colcon.colcon_core.shell:Skip shell extension 'dsv' for command environment
[3.031s] DEBUG:colcon.colcon_core.event_handler.log_command:Invoking command in '/home/saumy/dex_hands_project/build/dexhandv2_description': DEBUGINFOD_URLS=https://debuginfod.ubuntu.com PYTHONPATH=/home/saumy/dex_hands_project/build/dexhandv2_description/prefix_override:/usr/lib/python3/dist-packages/colcon_core/task/python/colcon_distutils_commands:/home/saumy/dex_hands_project/install/dexhandv2_description/lib/python3.12/site-packages:${PYTHONPATH} /usr/bin/python3 -W ignore:setup.py install is deprecated -W ignore:easy_install command is deprecated setup.py develop --editable --build-directory /home/saumy/dex_hands_project/build/dexhandv2_description/build --no-deps symlink_data
[4.640s] Level 1:colcon.colcon_core.shell:create_environment_hook('dexhandv2_description', 'pythonpath_develop')
[4.641s] INFO:colcon.colcon_core.shell:Creating environment hook '/home/saumy/dex_hands_project/build/dexhandv2_description/share/dexhandv2_description/hook/pythonpath_develop.ps1'
[4.642s] DEBUG:colcon.colcon_core.event_handler.log_command:Invoked command in '/home/saumy/dex_hands_project/build/dexhandv2_description' returned '0': DEBUGINFOD_URLS=https://debuginfod.ubuntu.com PYTHONPATH=/home/saumy/dex_hands_project/build/dexhandv2_description/prefix_override:/usr/lib/python3/dist-packages/colcon_core/task/python/colcon_distutils_commands:/home/saumy/dex_hands_project/install/dexhandv2_description/lib/python3.12/site-packages:${PYTHONPATH} /usr/bin/python3 -W ignore:setup.py install is deprecated -W ignore:easy_install command is deprecated setup.py develop --editable --build-directory /home/saumy/dex_hands_project/build/dexhandv2_description/build --no-deps symlink_data
[4.643s] INFO:colcon.colcon_core.shell:Creating environment descriptor '/home/saumy/dex_hands_project/build/dexhandv2_description/share/dexhandv2_description/hook/pythonpath_develop.dsv'
[4.644s] INFO:colcon.colcon_core.shell:Creating environment hook '/home/saumy/dex_hands_project/build/dexhandv2_description/share/dexhandv2_description/hook/pythonpath_develop.sh'
[4.660s] Level 1:colcon.colcon_core.environment:checking '/home/saumy/dex_hands_project/install/dexhandv2_description' for CMake module files
[4.661s] Level 1:colcon.colcon_core.environment:checking '/home/saumy/dex_hands_project/install/dexhandv2_description' for CMake config files
[4.665s] Level 1:colcon.colcon_core.environment:checking '/home/saumy/dex_hands_project/install/dexhandv2_description/lib'
[4.666s] Level 1:colcon.colcon_core.environment:checking '/home/saumy/dex_hands_project/install/dexhandv2_description/bin'
[4.666s] Level 1:colcon.colcon_core.environment:checking '/home/saumy/dex_hands_project/install/dexhandv2_description/lib/pkgconfig/dexhandv2_description.pc'
[4.667s] Level 1:colcon.colcon_core.environment:checking '/home/saumy/dex_hands_project/install/dexhandv2_description/lib/python3.12/site-packages'
[4.667s] Level 1:colcon.colcon_core.shell:create_environment_hook('dexhandv2_description', 'pythonpath')
[4.668s] INFO:colcon.colcon_core.shell:Creating environment hook '/home/saumy/dex_hands_project/install/dexhandv2_description/share/dexhandv2_description/hook/pythonpath.ps1'
[4.669s] INFO:colcon.colcon_core.shell:Creating environment descriptor '/home/saumy/dex_hands_project/install/dexhandv2_description/share/dexhandv2_description/hook/pythonpath.dsv'
[4.670s] INFO:colcon.colcon_core.shell:Creating environment hook '/home/saumy/dex_hands_project/install/dexhandv2_description/share/dexhandv2_description/hook/pythonpath.sh'
[4.673s] Level 1:colcon.colcon_core.environment:checking '/home/saumy/dex_hands_project/install/dexhandv2_description/bin'
[4.673s] Level 1:colcon.colcon_core.environment:create_environment_scripts_only(dexhandv2_description)
[4.674s] INFO:colcon.colcon_core.shell:Creating package script '/home/saumy/dex_hands_project/install/dexhandv2_description/share/dexhandv2_description/package.ps1'
[4.678s] INFO:colcon.colcon_core.shell:Creating package descriptor '/home/saumy/dex_hands_project/install/dexhandv2_description/share/dexhandv2_description/package.dsv'
[4.680s] INFO:colcon.colcon_core.shell:Creating package script '/home/saumy/dex_hands_project/install/dexhandv2_description/share/dexhandv2_description/package.sh'
[4.682s] INFO:colcon.colcon_core.shell:Creating package script '/home/saumy/dex_hands_project/install/dexhandv2_description/share/dexhandv2_description/package.bash'
[4.684s] INFO:colcon.colcon_core.shell:Creating package script '/home/saumy/dex_hands_project/install/dexhandv2_description/share/dexhandv2_description/package.zsh'
[4.686s] Level 1:colcon.colcon_core.environment:create_file_with_runtime_dependencies(/home/saumy/dex_hands_project/install/dexhandv2_description/share/colcon-core/packages/dexhandv2_description)
[4.687s] DEBUG:colcon.colcon_parallel_executor.executor.parallel:closing loop
[4.688s] DEBUG:colcon.colcon_parallel_executor.executor.parallel:loop closed
[4.688s] DEBUG:colcon.colcon_parallel_executor.executor.parallel:run_until_complete finished with '0'
[4.688s] DEBUG:colcon.colcon_core.event_reactor:joining thread
[4.708s] INFO:colcon.colcon_core.plugin_system:Skipping extension 'colcon_notification.desktop_notification.terminal_notifier': Not used on non-Darwin systems
[4.708s] INFO:colcon.colcon_core.plugin_system:Skipping extension 'colcon_notification.desktop_notification.win32': Not used on non-Windows systems
[4.709s] INFO:colcon.colcon_notification.desktop_notification:Sending desktop notification using 'notify2'
[4.749s] DEBUG:colcon.colcon_core.event_reactor:joined thread
[4.750s] INFO:colcon.colcon_core.shell:Creating prefix script '/home/saumy/dex_hands_project/install/local_setup.ps1'
[4.752s] INFO:colcon.colcon_core.shell:Creating prefix util module '/home/saumy/dex_hands_project/install/_local_setup_util_ps1.py'
[4.756s] INFO:colcon.colcon_core.shell:Creating prefix chain script '/home/saumy/dex_hands_project/install/setup.ps1'
[4.759s] INFO:colcon.colcon_core.shell:Creating prefix script '/home/saumy/dex_hands_project/install/local_setup.sh'
[4.761s] INFO:colcon.colcon_core.shell:Creating prefix util module '/home/saumy/dex_hands_project/install/_local_setup_util_sh.py'
[4.763s] INFO:colcon.colcon_core.shell:Creating prefix chain script '/home/saumy/dex_hands_project/install/setup.sh'
[4.765s] INFO:colcon.colcon_core.shell:Creating prefix script '/home/saumy/dex_hands_project/install/local_setup.bash'
[4.766s] INFO:colcon.colcon_core.shell:Creating prefix chain script '/home/saumy/dex_hands_project/install/setup.bash'
[4.768s] INFO:colcon.colcon_core.shell:Creating prefix script '/home/saumy/dex_hands_project/install/local_setup.zsh'
[4.769s] INFO:colcon.colcon_core.shell:Creating prefix chain script '/home/saumy/dex_hands_project/install/setup.zsh'
