[1.969s] Invoking command in '/home/saumy/dex_hands_project/build/dexhandv2_description': DEBUGINFOD_URLS=https://debuginfod.ubuntu.com PYTHONPATH=/home/saumy/dex_hands_project/build/dexhandv2_description/prefix_override:/usr/lib/python3/dist-packages/colcon_core/task/python/colcon_distutils_commands:/home/saumy/dex_hands_project/install/dexhandv2_description/lib/python3.12/site-packages:${PYTHONPATH} /usr/bin/python3 -W ignore:setup.py install is deprecated -W ignore:easy_install command is deprecated setup.py develop --editable --build-directory /home/saumy/dex_hands_project/build/dexhandv2_description/build --no-deps symlink_data
[2.814s] running develop
[3.312s] running egg_info
[3.313s] creating dexhandv2_description.egg-info
[3.357s] writing dexhandv2_description.egg-info/PKG-INFO
[3.358s] writing dependency_links to dexhandv2_description.egg-info/dependency_links.txt
[3.359s] writing requirements to dexhandv2_description.egg-info/requires.txt
[3.359s] writing top-level names to dexhandv2_description.egg-info/top_level.txt
[3.359s] writing manifest file 'dexhandv2_description.egg-info/SOURCES.txt'
[3.458s] reading manifest file 'dexhandv2_description.egg-info/SOURCES.txt'
[3.461s] writing manifest file 'dexhandv2_description.egg-info/SOURCES.txt'
[3.509s] running build_ext
[3.511s] Creating /home/saumy/dex_hands_project/install/dexhandv2_description/lib/python3.12/site-packages/dexhandv2-description.egg-link (link to .)
[3.512s] 
[3.512s] Installed /home/saumy/dex_hands_project/build/dexhandv2_description
[3.513s] running symlink_data
[3.513s] creating /home/saumy/dex_hands_project/install/dexhandv2_description/share/ament_index
[3.514s] creating /home/saumy/dex_hands_project/install/dexhandv2_description/share/ament_index/resource_index
[3.514s] creating /home/saumy/dex_hands_project/install/dexhandv2_description/share/ament_index/resource_index/packages
[3.514s] symbolically linking /home/saumy/dex_hands_project/build/dexhandv2_description/resource/dexhandv2_description -> /home/saumy/dex_hands_project/install/dexhandv2_description/share/ament_index/resource_index/packages
[3.514s] symbolically linking /home/saumy/dex_hands_project/build/dexhandv2_description/package.xml -> /home/saumy/dex_hands_project/install/dexhandv2_description/share/dexhandv2_description
[3.515s] creating /home/saumy/dex_hands_project/install/dexhandv2_description/share/dexhandv2_description/launch
[3.515s] symbolically linking /home/saumy/dex_hands_project/build/dexhandv2_description/launch/display.launch.py -> /home/saumy/dex_hands_project/install/dexhandv2_description/share/dexhandv2_description/launch
[3.515s] creating /home/saumy/dex_hands_project/install/dexhandv2_description/share/dexhandv2_description/urdf
[3.515s] symbolically linking /home/saumy/dex_hands_project/build/dexhandv2_description/urdf/dexhandv2_cobot_right.xacro -> /home/saumy/dex_hands_project/install/dexhandv2_description/share/dexhandv2_description/urdf
[3.516s] symbolically linking /home/saumy/dex_hands_project/build/dexhandv2_description/urdf/dexhandv2_right.trans -> /home/saumy/dex_hands_project/install/dexhandv2_description/share/dexhandv2_description/urdf
[3.516s] symbolically linking /home/saumy/dex_hands_project/build/dexhandv2_description/urdf/dexhandv2_right.xacro -> /home/saumy/dex_hands_project/install/dexhandv2_description/share/dexhandv2_description/urdf
[3.516s] symbolically linking /home/saumy/dex_hands_project/build/dexhandv2_description/urdf/dexhandv2_right.gazebo -> /home/saumy/dex_hands_project/install/dexhandv2_description/share/dexhandv2_description/urdf
[3.517s] symbolically linking /home/saumy/dex_hands_project/build/dexhandv2_description/urdf/materials.xacro -> /home/saumy/dex_hands_project/install/dexhandv2_description/share/dexhandv2_description/urdf
[3.517s] symbolically linking /home/saumy/dex_hands_project/build/dexhandv2_description/urdf/dexhandv2_right.urdf -> /home/saumy/dex_hands_project/install/dexhandv2_description/share/dexhandv2_description/urdf
[3.517s] symbolically linking /home/saumy/dex_hands_project/build/dexhandv2_description/urdf/dexhandv2_cobot_right.trans -> /home/saumy/dex_hands_project/install/dexhandv2_description/share/dexhandv2_description/urdf
[3.518s] symbolically linking /home/saumy/dex_hands_project/build/dexhandv2_description/urdf/dexhandv2_cobot_right.urdf -> /home/saumy/dex_hands_project/install/dexhandv2_description/share/dexhandv2_description/urdf
[3.518s] symbolically linking /home/saumy/dex_hands_project/build/dexhandv2_description/urdf/dexhandv2_cobot_right.gazebo -> /home/saumy/dex_hands_project/install/dexhandv2_description/share/dexhandv2_description/urdf
[3.518s] creating /home/saumy/dex_hands_project/install/dexhandv2_description/share/dexhandv2_description/rviz
[3.518s] symbolically linking /home/saumy/dex_hands_project/build/dexhandv2_description/rviz/urdf.rviz -> /home/saumy/dex_hands_project/install/dexhandv2_description/share/dexhandv2_description/rviz
[3.518s] creating /home/saumy/dex_hands_project/install/dexhandv2_description/share/dexhandv2_description/meshes
[3.519s] creating /home/saumy/dex_hands_project/install/dexhandv2_description/share/dexhandv2_description/meshes/right
[3.519s] symbolically linking /home/saumy/dex_hands_project/build/dexhandv2_description/meshes/right/Pinky_Knuckle_1.stl -> /home/saumy/dex_hands_project/install/dexhandv2_description/share/dexhandv2_description/meshes/right
[3.519s] symbolically linking /home/saumy/dex_hands_project/build/dexhandv2_description/meshes/right/Thumb_Dist_KC_1.stl -> /home/saumy/dex_hands_project/install/dexhandv2_description/share/dexhandv2_description/meshes/right
[3.519s] symbolically linking /home/saumy/dex_hands_project/build/dexhandv2_description/meshes/right/Pinky_Knuckle_Cross_1.stl -> /home/saumy/dex_hands_project/install/dexhandv2_description/share/dexhandv2_description/meshes/right
[3.519s] symbolically linking /home/saumy/dex_hands_project/build/dexhandv2_description/meshes/right/Ring_Tip_1.stl -> /home/saumy/dex_hands_project/install/dexhandv2_description/share/dexhandv2_description/meshes/right
[3.519s] symbolically linking /home/saumy/dex_hands_project/build/dexhandv2_description/meshes/right/Thumb_Prox_KC_1.stl -> /home/saumy/dex_hands_project/install/dexhandv2_description/share/dexhandv2_description/meshes/right
[3.520s] symbolically linking /home/saumy/dex_hands_project/build/dexhandv2_description/meshes/right/Thumb_Middle_1.stl -> /home/saumy/dex_hands_project/install/dexhandv2_description/share/dexhandv2_description/meshes/right
[3.520s] symbolically linking /home/saumy/dex_hands_project/build/dexhandv2_description/meshes/right/Ring_Knuckle_Cross_1.stl -> /home/saumy/dex_hands_project/install/dexhandv2_description/share/dexhandv2_description/meshes/right
[3.520s] symbolically linking /home/saumy/dex_hands_project/build/dexhandv2_description/meshes/right/Midle_Tip_1.stl -> /home/saumy/dex_hands_project/install/dexhandv2_description/share/dexhandv2_description/meshes/right
[3.520s] symbolically linking /home/saumy/dex_hands_project/build/dexhandv2_description/meshes/right/Thumb_Tip_1.stl -> /home/saumy/dex_hands_project/install/dexhandv2_description/share/dexhandv2_description/meshes/right
[3.520s] symbolically linking /home/saumy/dex_hands_project/build/dexhandv2_description/meshes/right/Pinky_Middle_1.stl -> /home/saumy/dex_hands_project/install/dexhandv2_description/share/dexhandv2_description/meshes/right
[3.521s] symbolically linking /home/saumy/dex_hands_project/build/dexhandv2_description/meshes/right/Index_Middle_1.stl -> /home/saumy/dex_hands_project/install/dexhandv2_description/share/dexhandv2_description/meshes/right
[3.521s] symbolically linking /home/saumy/dex_hands_project/build/dexhandv2_description/meshes/right/Index_Knuckle_1.stl -> /home/saumy/dex_hands_project/install/dexhandv2_description/share/dexhandv2_description/meshes/right
[3.521s] symbolically linking /home/saumy/dex_hands_project/build/dexhandv2_description/meshes/right/Ring_Knuckle_1.stl -> /home/saumy/dex_hands_project/install/dexhandv2_description/share/dexhandv2_description/meshes/right
[3.521s] symbolically linking /home/saumy/dex_hands_project/build/dexhandv2_description/meshes/right/Pinky_Tip_1.stl -> /home/saumy/dex_hands_project/install/dexhandv2_description/share/dexhandv2_description/meshes/right
[3.521s] symbolically linking /home/saumy/dex_hands_project/build/dexhandv2_description/meshes/right/Thumb_Knuckle_1.stl -> /home/saumy/dex_hands_project/install/dexhandv2_description/share/dexhandv2_description/meshes/right
[3.522s] symbolically linking /home/saumy/dex_hands_project/build/dexhandv2_description/meshes/right/Middle_Knuckle_Cross_1.stl -> /home/saumy/dex_hands_project/install/dexhandv2_description/share/dexhandv2_description/meshes/right
[3.522s] symbolically linking /home/saumy/dex_hands_project/build/dexhandv2_description/meshes/right/Index_Tip_1.stl -> /home/saumy/dex_hands_project/install/dexhandv2_description/share/dexhandv2_description/meshes/right
[3.522s] symbolically linking /home/saumy/dex_hands_project/build/dexhandv2_description/meshes/right/Middle_Middle_1.stl -> /home/saumy/dex_hands_project/install/dexhandv2_description/share/dexhandv2_description/meshes/right
[3.522s] symbolically linking /home/saumy/dex_hands_project/build/dexhandv2_description/meshes/right/base_link.stl -> /home/saumy/dex_hands_project/install/dexhandv2_description/share/dexhandv2_description/meshes/right
[3.522s] symbolically linking /home/saumy/dex_hands_project/build/dexhandv2_description/meshes/right/Middle_Knuckle_1.stl -> /home/saumy/dex_hands_project/install/dexhandv2_description/share/dexhandv2_description/meshes/right
[3.522s] symbolically linking /home/saumy/dex_hands_project/build/dexhandv2_description/meshes/right/Ring_Middle_1.stl -> /home/saumy/dex_hands_project/install/dexhandv2_description/share/dexhandv2_description/meshes/right
[3.523s] symbolically linking /home/saumy/dex_hands_project/build/dexhandv2_description/meshes/right/Index_Knuckle_Cross_1.stl -> /home/saumy/dex_hands_project/install/dexhandv2_description/share/dexhandv2_description/meshes/right
[3.523s] creating /home/saumy/dex_hands_project/install/dexhandv2_description/share/dexhandv2_description/meshes/cobot_right
[3.523s] symbolically linking /home/saumy/dex_hands_project/build/dexhandv2_description/meshes/cobot_right/Pinky_Knuckle_1.stl -> /home/saumy/dex_hands_project/install/dexhandv2_description/share/dexhandv2_description/meshes/cobot_right
[3.523s] symbolically linking /home/saumy/dex_hands_project/build/dexhandv2_description/meshes/cobot_right/Thumb_Dist_KC_1.stl -> /home/saumy/dex_hands_project/install/dexhandv2_description/share/dexhandv2_description/meshes/cobot_right
[3.523s] symbolically linking /home/saumy/dex_hands_project/build/dexhandv2_description/meshes/cobot_right/Pinky_Knuckle_Cross_1.stl -> /home/saumy/dex_hands_project/install/dexhandv2_description/share/dexhandv2_description/meshes/cobot_right
[3.524s] symbolically linking /home/saumy/dex_hands_project/build/dexhandv2_description/meshes/cobot_right/Ring_Tip_1.stl -> /home/saumy/dex_hands_project/install/dexhandv2_description/share/dexhandv2_description/meshes/cobot_right
[3.524s] symbolically linking /home/saumy/dex_hands_project/build/dexhandv2_description/meshes/cobot_right/Thumb_Prox_KC_1.stl -> /home/saumy/dex_hands_project/install/dexhandv2_description/share/dexhandv2_description/meshes/cobot_right
[3.524s] symbolically linking /home/saumy/dex_hands_project/build/dexhandv2_description/meshes/cobot_right/Thumb_Middle_1.stl -> /home/saumy/dex_hands_project/install/dexhandv2_description/share/dexhandv2_description/meshes/cobot_right
[3.524s] symbolically linking /home/saumy/dex_hands_project/build/dexhandv2_description/meshes/cobot_right/Ring_Knuckle_Cross_1.stl -> /home/saumy/dex_hands_project/install/dexhandv2_description/share/dexhandv2_description/meshes/cobot_right
[3.524s] symbolically linking /home/saumy/dex_hands_project/build/dexhandv2_description/meshes/cobot_right/Midle_Tip_1.stl -> /home/saumy/dex_hands_project/install/dexhandv2_description/share/dexhandv2_description/meshes/cobot_right
[3.525s] symbolically linking /home/saumy/dex_hands_project/build/dexhandv2_description/meshes/cobot_right/Thumb_Tip_1.stl -> /home/saumy/dex_hands_project/install/dexhandv2_description/share/dexhandv2_description/meshes/cobot_right
[3.525s] symbolically linking /home/saumy/dex_hands_project/build/dexhandv2_description/meshes/cobot_right/Upper-Flange-Clamp.stl -> /home/saumy/dex_hands_project/install/dexhandv2_description/share/dexhandv2_description/meshes/cobot_right
[3.525s] symbolically linking /home/saumy/dex_hands_project/build/dexhandv2_description/meshes/cobot_right/Pinky_Middle_1.stl -> /home/saumy/dex_hands_project/install/dexhandv2_description/share/dexhandv2_description/meshes/cobot_right
[3.525s] symbolically linking /home/saumy/dex_hands_project/build/dexhandv2_description/meshes/cobot_right/Solid_Wrist_1.stl -> /home/saumy/dex_hands_project/install/dexhandv2_description/share/dexhandv2_description/meshes/cobot_right
[3.525s] symbolically linking /home/saumy/dex_hands_project/build/dexhandv2_description/meshes/cobot_right/Index_Middle_1.stl -> /home/saumy/dex_hands_project/install/dexhandv2_description/share/dexhandv2_description/meshes/cobot_right
[3.526s] symbolically linking /home/saumy/dex_hands_project/build/dexhandv2_description/meshes/cobot_right/Forearm_Duplex_Wrist_27-UpperChassis.stl -> /home/saumy/dex_hands_project/install/dexhandv2_description/share/dexhandv2_description/meshes/cobot_right
[3.526s] symbolically linking /home/saumy/dex_hands_project/build/dexhandv2_description/meshes/cobot_right/Index_Knuckle_1.stl -> /home/saumy/dex_hands_project/install/dexhandv2_description/share/dexhandv2_description/meshes/cobot_right
[3.526s] symbolically linking /home/saumy/dex_hands_project/build/dexhandv2_description/meshes/cobot_right/Ring_Knuckle_1.stl -> /home/saumy/dex_hands_project/install/dexhandv2_description/share/dexhandv2_description/meshes/cobot_right
[3.526s] symbolically linking /home/saumy/dex_hands_project/build/dexhandv2_description/meshes/cobot_right/Palm_1.stl -> /home/saumy/dex_hands_project/install/dexhandv2_description/share/dexhandv2_description/meshes/cobot_right
[3.526s] symbolically linking /home/saumy/dex_hands_project/build/dexhandv2_description/meshes/cobot_right/Pinky_Tip_1.stl -> /home/saumy/dex_hands_project/install/dexhandv2_description/share/dexhandv2_description/meshes/cobot_right
[3.527s] symbolically linking /home/saumy/dex_hands_project/build/dexhandv2_description/meshes/cobot_right/Thumb_Knuckle_1.stl -> /home/saumy/dex_hands_project/install/dexhandv2_description/share/dexhandv2_description/meshes/cobot_right
[3.527s] symbolically linking /home/saumy/dex_hands_project/build/dexhandv2_description/meshes/cobot_right/Middle_Knuckle_Cross_1.stl -> /home/saumy/dex_hands_project/install/dexhandv2_description/share/dexhandv2_description/meshes/cobot_right
[3.527s] symbolically linking /home/saumy/dex_hands_project/build/dexhandv2_description/meshes/cobot_right/Cobot_Forearm_1.stl -> /home/saumy/dex_hands_project/install/dexhandv2_description/share/dexhandv2_description/meshes/cobot_right
[3.527s] symbolically linking /home/saumy/dex_hands_project/build/dexhandv2_description/meshes/cobot_right/Index_Tip_1.stl -> /home/saumy/dex_hands_project/install/dexhandv2_description/share/dexhandv2_description/meshes/cobot_right
[3.527s] symbolically linking /home/saumy/dex_hands_project/build/dexhandv2_description/meshes/cobot_right/Middle_Middle_1.stl -> /home/saumy/dex_hands_project/install/dexhandv2_description/share/dexhandv2_description/meshes/cobot_right
[3.527s] symbolically linking /home/saumy/dex_hands_project/build/dexhandv2_description/meshes/cobot_right/base_link.stl -> /home/saumy/dex_hands_project/install/dexhandv2_description/share/dexhandv2_description/meshes/cobot_right
[3.528s] symbolically linking /home/saumy/dex_hands_project/build/dexhandv2_description/meshes/cobot_right/Middle_Knuckle_1.stl -> /home/saumy/dex_hands_project/install/dexhandv2_description/share/dexhandv2_description/meshes/cobot_right
[3.528s] symbolically linking /home/saumy/dex_hands_project/build/dexhandv2_description/meshes/cobot_right/Ring_Middle_1.stl -> /home/saumy/dex_hands_project/install/dexhandv2_description/share/dexhandv2_description/meshes/cobot_right
[3.528s] symbolically linking /home/saumy/dex_hands_project/build/dexhandv2_description/meshes/cobot_right/Index_Knuckle_Cross_1.stl -> /home/saumy/dex_hands_project/install/dexhandv2_description/share/dexhandv2_description/meshes/cobot_right
[3.580s] Invoked command in '/home/saumy/dex_hands_project/build/dexhandv2_description' returned '0': DEBUGINFOD_URLS=https://debuginfod.ubuntu.com PYTHONPATH=/home/saumy/dex_hands_project/build/dexhandv2_description/prefix_override:/usr/lib/python3/dist-packages/colcon_core/task/python/colcon_distutils_commands:/home/saumy/dex_hands_project/install/dexhandv2_description/lib/python3.12/site-packages:${PYTHONPATH} /usr/bin/python3 -W ignore:setup.py install is deprecated -W ignore:easy_install command is deprecated setup.py develop --editable --build-directory /home/saumy/dex_hands_project/build/dexhandv2_description/build --no-deps symlink_data
